==3014== NVPROF is profiling process 3014, command: ./MDcuda.exe

  !!!!!!!!!!!!!!!!!!!!!!!!!!!!!!!!!!!!!!!!!!!!!!!!!!!!!!!!!!!!!
                  WELCOME TO WILLY P CHEM MD!
  !!!!!!!!!!!!!!!!!!!!!!!!!!!!!!!!!!!!!!!!!!!!!!!!!!!!!!!!!!!!!

  ENTER A TITLE FOR YOUR CALCULATION!

  !!!!!!!!!!!!!!!!!!!!!!!!!!!!!!!!!!!!!!!!!!!!!!!!!!!!!!!!!!!!!
                  TITLE ENTERED AS 'cp'
  !!!!!!!!!!!!!!!!!!!!!!!!!!!!!!!!!!!!!!!!!!!!!!!!!!!!!!!!!!!!!

  !!!!!!!!!!!!!!!!!!!!!!!!!!!!!!!!!!!!!!!!!!!!!!!!!!!!!!!!!!!!!
  WHICH NOBLE GAS WOULD YOU LIKE TO SIMULATE? (DEFAULT IS ARGON)

  FOR HELIUM,  TYPE 'He' THEN PRESS 'return' TO CONTINUE
  FOR NEON,    TYPE 'Ne' THEN PRESS 'return' TO CONTINUE
  FOR ARGON,   TYPE 'Ar' THEN PRESS 'return' TO CONTINUE
  FOR KRYPTON, TYPE 'Kr' THEN PRESS 'return' TO CONTINUE
  FOR XENON,   TYPE 'Xe' THEN PRESS 'return' TO CONTINUE
  !!!!!!!!!!!!!!!!!!!!!!!!!!!!!!!!!!!!!!!!!!!!!!!!!!!!!!!!!!!!!

  !!!!!!!!!!!!!!!!!!!!!!!!!!!!!!!!!!!!!!!!!!!!!!!!!!!!!!!!!!!!!

                     YOU ARE SIMULATING Ar GAS! 

  !!!!!!!!!!!!!!!!!!!!!!!!!!!!!!!!!!!!!!!!!!!!!!!!!!!!!!!!!!!!!

  !!!!!!!!!!!!!!!!!!!!!!!!!!!!!!!!!!!!!!!!!!!!!!!!!!!!!!!!!!!!!

  YOU WILL NOW ENTER A FEW SIMULATION PARAMETERS
  !!!!!!!!!!!!!!!!!!!!!!!!!!!!!!!!!!!!!!!!!!!!!!!!!!!!!!!!!!!!!


  ENTER THE INTIAL TEMPERATURE OF YOUR GAS IN KELVIN


  ENTER THE NUMBER DENSITY IN moles/m^3
  FOR REFERENCE, NUMBER DENSITY OF AN IDEAL GAS AT STP IS ABOUT 40 moles/m^3
  NUMBER DENSITY OF LIQUID ARGON AT 1 ATM AND 87 K IS ABOUT 35000 moles/m^3
  PERCENTAGE OF CALCULATION COMPLETE:
  [ 10 | 20 | 30 | 40 | 50 | 60 | 70 | 80 | 90 | 100 ]
==3014== Profiling application: ./MDcuda.exe

  TO ANIMATE YOUR SIMULATION, OPEN THE FILE 
  'cp_traj.xyz' WITH VMD AFTER THE SIMULATION COMPLETES

  TO ANALYZE INSTANTANEOUS DATA ABOUT YOUR MOLECULE, OPEN THE FILE 
  'cp_output.txt' WITH YOUR FAVORITE TEXT EDITOR OR IMPORT THE DATA INTO EXCEL

  THE FOLLOWING THERMODYNAMIC AVERAGES WILL BE COMPUTED AND WRITTEN TO THE FILE  
  'cp_average.txt':

  AVERAGE TEMPERATURE (K):                       131.45506

  AVERAGE PRESSURE  (Pa):                  131001228.45076

  PV/nT (J * mol^-1 K^-1):                        28.47279

  PERCENT ERROR of pV/nT AND GAS CONSTANT:       242.44905

  THE COMPRESSIBILITY (unitless):                  3.42449 

  TOTAL VOLUME (m^3):                      2.37220e-25 

  NUMBER OF PARTICLES (unitless):          5000 
==3014== Profiling result:
            Type  Time(%)      Time     Calls       Avg       Min       Max  Name
 GPU activities:   99.77%  5.86268s       202  29.023ms  28.974ms  29.080ms  computeAccelerationsKernel(double*, double*, double*, int)
                    0.15%  8.6153ms       404  21.325us  20.832us  31.169us  [CUDA memcpy HtoD]
                    0.09%  5.0643ms       404  12.535us  6.4640us  28.289us  [CUDA memcpy DtoH]
      API calls:   95.79%  5.90673s       808  7.3103ms  28.209us  29.306ms  cudaMemcpy
                    3.81%  234.69ms       606  387.27us  3.0330us  208.71ms  cudaMalloc
                    0.34%  20.724ms       606  34.197us  2.8050us  150.91us  cudaFree
                    0.05%  3.0875ms       202  15.284us  12.999us  61.863us  cudaLaunchKernel
                    0.01%  550.10us       101  5.4460us     163ns  188.65us  cuDeviceGetAttribute
                    0.01%  416.05us      1414     294ns     156ns  11.245us  cudaGetLastError
                    0.00%  270.98us         1  270.98us  270.98us  270.98us  cuDeviceTotalMem
                    0.00%  18.504us         1  18.504us  18.504us  18.504us  cuDeviceGetName
                    0.00%  14.028us         2  7.0140us     214ns  13.814us  cuDeviceGet
                    0.00%  8.7260us         1  8.7260us  8.7260us  8.7260us  cuDeviceGetPCIBusId
                    0.00%  1.4950us         3     498ns     204ns     872ns  cuDeviceGetCount
                    0.00%  1.3070us         1  1.3070us  1.3070us  1.3070us  cuDeviceGetUuid

real	0m7.821s
user	0m4.269s
sys	0m2.597s
