==1992== NVPROF is profiling process 1992, command: ./MDcuda.exe

  !!!!!!!!!!!!!!!!!!!!!!!!!!!!!!!!!!!!!!!!!!!!!!!!!!!!!!!!!!!!!
                  WELCOME TO WILLY P CHEM MD!
  !!!!!!!!!!!!!!!!!!!!!!!!!!!!!!!!!!!!!!!!!!!!!!!!!!!!!!!!!!!!!

  ENTER A TITLE FOR YOUR CALCULATION!

  !!!!!!!!!!!!!!!!!!!!!!!!!!!!!!!!!!!!!!!!!!!!!!!!!!!!!!!!!!!!!
                  TITLE ENTERED AS 'cp'
  !!!!!!!!!!!!!!!!!!!!!!!!!!!!!!!!!!!!!!!!!!!!!!!!!!!!!!!!!!!!!

  !!!!!!!!!!!!!!!!!!!!!!!!!!!!!!!!!!!!!!!!!!!!!!!!!!!!!!!!!!!!!
  WHICH NOBLE GAS WOULD YOU LIKE TO SIMULATE? (DEFAULT IS ARGON)

  FOR HELIUM,  TYPE 'He' THEN PRESS 'return' TO CONTINUE
  FOR NEON,    TYPE 'Ne' THEN PRESS 'return' TO CONTINUE
  FOR ARGON,   TYPE 'Ar' THEN PRESS 'return' TO CONTINUE
  FOR KRYPTON, TYPE 'Kr' THEN PRESS 'return' TO CONTINUE
  FOR XENON,   TYPE 'Xe' THEN PRESS 'return' TO CONTINUE
  !!!!!!!!!!!!!!!!!!!!!!!!!!!!!!!!!!!!!!!!!!!!!!!!!!!!!!!!!!!!!

  !!!!!!!!!!!!!!!!!!!!!!!!!!!!!!!!!!!!!!!!!!!!!!!!!!!!!!!!!!!!!

                     YOU ARE SIMULATING Ar GAS! 

  !!!!!!!!!!!!!!!!!!!!!!!!!!!!!!!!!!!!!!!!!!!!!!!!!!!!!!!!!!!!!

  !!!!!!!!!!!!!!!!!!!!!!!!!!!!!!!!!!!!!!!!!!!!!!!!!!!!!!!!!!!!!

  YOU WILL NOW ENTER A FEW SIMULATION PARAMETERS
  !!!!!!!!!!!!!!!!!!!!!!!!!!!!!!!!!!!!!!!!!!!!!!!!!!!!!!!!!!!!!


  ENTER THE INTIAL TEMPERATURE OF YOUR GAS IN KELVIN


  ENTER THE NUMBER DENSITY IN moles/m^3
  FOR REFERENCE, NUMBER DENSITY OF AN IDEAL GAS AT STP IS ABOUT 40 moles/m^3
  NUMBER DENSITY OF LIQUID ARGON AT 1 ATM AND 87 K IS ABOUT 35000 moles/m^3
  PERCENTAGE OF CALCULATION COMPLETE:
  [ 10 | 20 | 30 | 40 | 50 | 60 | 70 | 80 | 90 | 100 ]
==1992== Profiling application: ./MDcuda.exe

  TO ANIMATE YOUR SIMULATION, OPEN THE FILE 
  'cp_traj.xyz' WITH VMD AFTER THE SIMULATION COMPLETES

  TO ANALYZE INSTANTANEOUS DATA ABOUT YOUR MOLECULE, OPEN THE FILE 
  'cp_output.txt' WITH YOUR FAVORITE TEXT EDITOR OR IMPORT THE DATA INTO EXCEL

  THE FOLLOWING THERMODYNAMIC AVERAGES WILL BE COMPUTED AND WRITTEN TO THE FILE  
  'cp_average.txt':

  AVERAGE TEMPERATURE (K):                       131.45506

  AVERAGE PRESSURE  (Pa):                  131001228.45076

  PV/nT (J * mol^-1 K^-1):                        28.47279

  PERCENT ERROR of pV/nT AND GAS CONSTANT:       242.44905

  THE COMPRESSIBILITY (unitless):                  3.42449 

  TOTAL VOLUME (m^3):                      2.37220e-25 

  NUMBER OF PARTICLES (unitless):          5000 
==1992== Profiling result:
            Type  Time(%)      Time     Calls       Avg       Min       Max  Name
 GPU activities:   99.78%  6.14664s       202  30.429ms  30.300ms  30.658ms  computeAccelerationsKernel(double*, double*, double*, int)
                    0.14%  8.6274ms       404  21.354us  20.832us  30.977us  [CUDA memcpy HtoD]
                    0.08%  5.0597ms       404  12.524us  6.4640us  26.209us  [CUDA memcpy DtoH]
      API calls:   95.99%  6.19049s       808  7.6615ms  27.535us  30.775ms  cudaMemcpy
                    3.62%  233.48ms       606  385.27us  2.8440us  207.62ms  cudaMalloc
                    0.32%  20.660ms       606  34.091us  2.8010us  155.36us  cudaFree
                    0.05%  3.0500ms       202  15.099us  12.911us  61.383us  cudaLaunchKernel
                    0.01%  547.38us       101  5.4190us     175ns  187.22us  cuDeviceGetAttribute
                    0.01%  398.74us      1414     281ns     165ns  16.086us  cudaGetLastError
                    0.00%  202.04us         1  202.04us  202.04us  202.04us  cuDeviceTotalMem
                    0.00%  18.141us         1  18.141us  18.141us  18.141us  cuDeviceGetName
                    0.00%  8.7800us         1  8.7800us  8.7800us  8.7800us  cuDeviceGetPCIBusId
                    0.00%  1.5390us         3     513ns     231ns     892ns  cuDeviceGetCount
                    0.00%  1.5170us         1  1.5170us  1.5170us  1.5170us  cuDeviceGetUuid
                    0.00%     977ns         2     488ns     183ns     794ns  cuDeviceGet

real	0m8.020s
user	0m4.369s
sys	0m2.793s
